<?xml version="1.0" encoding="UTF-8"?>
<!-- Generated by org.testng.reporters.JUnitXMLReporter -->
<testsuite ignored="1" hostname="IN-B949L13" failures="0" tests="1" name="Default test" time="0.073" errors="0" timestamp="2023-08-04T13:34:22 IST">
  <testcase classname="com.test.HelloWorld.AppTest" name="shouldAnswerWithTrue" time="0.02"/>
  <testcase classname="com.test.HelloWorld.AppTest" name="shouldAnswerWithFalse" time="0.0">
    <ignored/>
  </testcase> <!-- shouldAnswerWithFalse -->
</testsuite> <!-- Default test -->
