<?xml version="1.0" encoding="UTF-8"?>
<!-- Generated by org.testng.reporters.JUnitXMLReporter -->
<testsuite ignored="1" hostname="IN-B949L13" failures="0" tests="1" name="Test Class" time="0.069" errors="0" timestamp="2023-08-04T13:35:03 IST">
  <testcase classname="com.test.HelloWorld.AppTest" name="shouldAnswerWithTrue" time="0.019"/>
  <testcase classname="com.test.HelloWorld.AppTest" name="shouldAnswerWithFalse" time="0.0">
    <ignored/>
  </testcase> <!-- shouldAnswerWithFalse -->
</testsuite> <!-- Test Class -->
