<?xml version="1.0" encoding="UTF-8"?>
<testng-results ignored="1" total="2" passed="1" failed="0" skipped="0">
  <reporter-output>
  </reporter-output>
  <suite started-at="2023-08-04T13:35:03 IST" name="Suite" finished-at="2023-08-04T13:35:03 IST" duration-ms="69">
    <groups>
    </groups>
    <test started-at="2023-08-04T13:35:03 IST" name="Test Class" finished-at="2023-08-04T13:35:03 IST" duration-ms="69">
      <class name="com.test.HelloWorld.AppTest">
        <test-method signature="shouldAnswerWithTrue()[pri:0, instance:com.test.HelloWorld.AppTest@484970b0]" started-at="2023-08-04T13:35:03 IST" name="shouldAnswerWithTrue" finished-at="2023-08-04T13:35:03 IST" duration-ms="19" status="PASS">
          <reporter-output>
          </reporter-output>
        </test-method> <!-- shouldAnswerWithTrue -->
      </class> <!-- com.test.HelloWorld.AppTest -->
    </test> <!-- Test Class -->
  </suite> <!-- Suite -->
</testng-results>
